0 info it worked if it ends with ok
1 verbose cli [ 'c:\\Program Files (x86)\\nodejs\\\\node.exe',
1 verbose cli   'c:\\Program Files (x86)\\nodejs\\node_modules\\npm\\bin\\npm-cli.js',
1 verbose cli   'install',
1 verbose cli   '-g',
1 verbose cli   'n' ]
2 info using npm@2.7.4
3 info using node@v0.12.2
4 verbose node symlink c:\Program Files (x86)\nodejs\\node.exe
5 silly cache add args [ 'n', null ]
6 verbose cache add spec n
7 silly cache add parsed spec { raw: 'n',
7 silly cache add   scope: null,
7 silly cache add   name: 'n',
7 silly cache add   rawSpec: '',
7 silly cache add   spec: '*',
7 silly cache add   type: 'range' }
8 verbose addNamed n@*
9 silly addNamed semver.valid null
10 silly addNamed semver.validRange *
11 silly addNameRange { name: 'n', range: '*', hasData: false }
12 silly mapToRegistry name n
13 silly mapToRegistry using default registry
14 silly mapToRegistry registry https://registry.npmjs.org/
15 silly mapToRegistry uri https://registry.npmjs.org/n
16 verbose addNameRange registry:https://registry.npmjs.org/n not in flight; fetching
17 verbose request uri https://registry.npmjs.org/n
18 verbose request no auth needed
19 info attempt registry request try #1 at 19:56:58
20 verbose request id ffcf14010f01232e
21 http request GET https://registry.npmjs.org/n
22 http 200 https://registry.npmjs.org/n
23 silly get cb [ 200,
23 silly get   { date: 'Thu, 12 Sep 2019 11:56:58 GMT',
23 silly get     'content-type': 'application/json',
23 silly get     'transfer-encoding': 'chunked',
23 silly get     connection: 'keep-alive',
23 silly get     'set-cookie': [ '__cfduid=db97902fd1361b4f9a447b5b2d99c31ac1568289418; expires=Fri, 11-Sep-20 11:56:58 GMT; path=/; domain=.npmjs.org; HttpOnly' ],
23 silly get     'cf-cache-status': 'HIT',
23 silly get     'cache-control': 'max-age=300',
23 silly get     'cf-ray': '5151b382ac79e4f6-LAX',
23 silly get     age: '3787',
23 silly get     etag: 'W/"e0373f6d9ecb846ce7830cd94f2a15d9"',
23 silly get     'expect-ct': 'max-age=604800, report-uri="https://report-uri.cloudflare.com/cdn-cgi/beacon/expect-ct"',
23 silly get     'last-modified': 'Tue, 20 Aug 2019 08:52:15 GMT',
23 silly get     vary: 'accept-encoding, accept',
23 silly get     'x-amz-meta-rev': '380-c360f7e61d31db42be964b2502e03d6b',
23 silly get     server: 'cloudflare',
23 silly get     'content-encoding': 'gzip' } ]
24 verbose get saving n to C:\Users\27422\AppData\Roaming\npm-cache\registry.npmjs.org\n\.cache.json
25 verbose getCacheStat cache creation not in flight; initializing
26 verbose makeCacheDir UID & GID are irrelevant on win32
27 silly addNameRange number 2 { name: 'n', range: '*', hasData: true }
28 silly addNameRange versions [ 'n',
28 silly addNameRange   [ '0.0.1',
28 silly addNameRange     '0.0.2',
28 silly addNameRange     '0.0.3',
28 silly addNameRange     '0.0.4',
28 silly addNameRange     '0.1.0',
28 silly addNameRange     '0.1.1',
28 silly addNameRange     '0.1.2',
28 silly addNameRange     '0.2.0',
28 silly addNameRange     '0.2.1',
28 silly addNameRange     '0.2.2',
28 silly addNameRange     '0.3.0',
28 silly addNameRange     '0.4.0',
28 silly addNameRange     '0.4.1',
28 silly addNameRange     '0.4.2',
28 silly addNameRange     '0.5.0',
28 silly addNameRange     '0.5.1',
28 silly addNameRange     '0.5.2',
28 silly addNameRange     '0.5.3',
28 silly addNameRange     '0.5.4',
28 silly addNameRange     '0.6.0',
28 silly addNameRange     '0.6.1',
28 silly addNameRange     '0.7.0',
28 silly addNameRange     '0.7.1',
28 silly addNameRange     '0.7.2',
28 silly addNameRange     '0.7.3',
28 silly addNameRange     '0.8.0',
28 silly addNameRange     '0.8.1',
28 silly addNameRange     '0.8.2',
28 silly addNameRange     '0.9.0',
28 silly addNameRange     '0.9.1',
28 silly addNameRange     '0.9.2',
28 silly addNameRange     '0.9.3',
28 silly addNameRange     '1.0.0',
28 silly addNameRange     '1.1.0',
28 silly addNameRange     '1.2.1',
28 silly addNameRange     '1.2.2',
28 silly addNameRange     '1.2.3',
28 silly addNameRange     '1.2.4',
28 silly addNameRange     '1.2.5',
28 silly addNameRange     '1.2.6',
28 silly addNameRange     '1.2.7',
28 silly addNameRange     '1.2.8',
28 silly addNameRange     '1.2.9',
28 silly addNameRange     '1.2.11',
28 silly addNameRange     '1.2.13',
28 silly addNameRange     '1.2.14',
28 silly addNameRange     '1.3.0',
28 silly addNameRange     '1.4.0',
28 silly addNameRange     '2.0.0',
28 silly addNameRange     '1.4.1',
28 silly addNameRange     '2.0.1',
28 silly addNameRange     '1.4.2',
28 silly addNameRange     '2.0.2',
28 silly addNameRange     '2.1.0',
28 silly addNameRange     '2.1.1',
28 silly addNameRange     '2.1.2',
28 silly addNameRange     '2.1.3',
28 silly addNameRange     '2.1.4',
28 silly addNameRange     '2.1.5',
28 silly addNameRange     '2.1.6',
28 silly addNameRange     '2.1.7',
28 silly addNameRange     '2.1.8',
28 silly addNameRange     '2.1.9',
28 silly addNameRange     '2.1.10',
28 silly addNameRange     '2.1.11',
28 silly addNameRange     '2.1.12',
28 silly addNameRange     '3.0.0',
28 silly addNameRange     '3.0.1',
28 silly addNameRange     '3.0.2',
28 silly addNameRange     '4.0.0',
28 silly addNameRange     '4.1.0',
28 silly addNameRange     '5.0.0-next.0',
28 silly addNameRange     '5.0.0',
28 silly addNameRange     '5.0.1',
28 silly addNameRange     '5.0.2',
28 silly addNameRange     '6.0.0-0',
28 silly addNameRange     '6.0.0-1',
28 silly addNameRange     '6.0.0',
28 silly addNameRange     '6.0.1' ] ]
29 verbose addNamed n@6.0.1
30 silly addNamed semver.valid 6.0.1
31 silly addNamed semver.validRange 6.0.1
32 silly mapToRegistry name n
33 silly mapToRegistry using default registry
34 silly mapToRegistry registry https://registry.npmjs.org/
35 silly mapToRegistry uri https://registry.npmjs.org/n
36 verbose addRemoteTarball https://registry.npmjs.org/n/-/n-6.0.1.tgz not in flight; adding
37 verbose addRemoteTarball [ 'https://registry.npmjs.org/n/-/n-6.0.1.tgz',
37 verbose addRemoteTarball   'c6bf458061c09f4acef2e86221245b5c6d887d91' ]
38 info retry fetch attempt 1 at 19:56:59
39 info attempt registry request try #1 at 19:56:59
40 http fetch GET https://registry.npmjs.org/n/-/n-6.0.1.tgz
41 http fetch 200 https://registry.npmjs.org/n/-/n-6.0.1.tgz
42 silly fetchAndShaCheck shasum c6bf458061c09f4acef2e86221245b5c6d887d91
43 verbose addTmpTarball D:\Temp\npm-24020-63cc79e9\registry.npmjs.org\n\-\n-6.0.1.tgz not in flight; adding
44 verbose addTmpTarball already have metadata; skipping unpack for n@6.0.1
45 silly cache afterAdd n@6.0.1
46 verbose afterAdd C:\Users\27422\AppData\Roaming\npm-cache\n\6.0.1\package\package.json not in flight; writing
47 verbose afterAdd C:\Users\27422\AppData\Roaming\npm-cache\n\6.0.1\package\package.json written
48 silly install resolved [ { name: 'n',
48 silly install resolved     description: 'Interactively Manage All Your Node Versions',
48 silly install resolved     version: '6.0.1',
48 silly install resolved     author: { name: 'TJ Holowaychuk', email: 'tj@vision-media.ca' },
48 silly install resolved     homepage: 'https://github.com/tj/n',
48 silly install resolved     bugs: { url: 'https://github.com/tj/n/issues' },
48 silly install resolved     contributors: [ [Object], [Object], [Object] ],
48 silly install resolved     keywords:
48 silly install resolved      [ 'nvm',
48 silly install resolved        'node',
48 silly install resolved        'version',
48 silly install resolved        'manager',
48 silly install resolved        'switcher',
48 silly install resolved        'node',
48 silly install resolved        'binary',
48 silly install resolved        'env' ],
48 silly install resolved     bin: { n: './bin/n' },
48 silly install resolved     repository: { type: 'git', url: 'git://github.com/tj/n.git' },
48 silly install resolved     scripts: { test: 'test/bin/run-all-tests' },
48 silly install resolved     devDependencies: { bats: '^1.1.0' },
48 silly install resolved     preferGlobal: true,
48 silly install resolved     os: [ '!win32' ],
48 silly install resolved     engines: { node: '*' },
48 silly install resolved     license: 'MIT',
48 silly install resolved     gitHead: '3c81f6d70a00e8fba8ba0e538cd085c4acaa6d6f',
48 silly install resolved     _id: 'n@6.0.1',
48 silly install resolved     _nodeVersion: '10.16.1',
48 silly install resolved     _npmVersion: '6.9.0',
48 silly install resolved     dist:
48 silly install resolved      { integrity: 'sha512-/lAVjr1Ng6m55Y9HsjkDaaGGXyQ+XaUtGhdcM+bz63eRkW4ezxEzsEwJj5LIi5ddGFyQQzsyX6ta4ftFIyW3ag==',
48 silly install resolved        shasum: 'c6bf458061c09f4acef2e86221245b5c6d887d91',
48 silly install resolved        tarball: 'https://registry.npmjs.org/n/-/n-6.0.1.tgz',
48 silly install resolved        fileCount: 5,
48 silly install resolved        unpackedSize: 50483,
48 silly install resolved        'npm-signature': '-----BEGIN PGP SIGNATURE-----\r\nVersion: OpenPGP.js v3.0.4\r\nComment: https://openpgpjs.org\r\n\r\nwsFcBAEBCAAQBQJdW7S8CRA9TVsSAnZWagAAODUP/0LtrNamKMNzwqqd1OXt\nFIIDmjejKFEa9E1Y1fD/UnGCfM9h3J9U+xGmjkHGslRUqGjavVQ4OPUKeVNR\nOMrsA/ndmk76Yip+Z97vGBwtroRQRq5HcL5JqhdLji6ca6oDDT6banFaEVCW\nO5cySGZGZsLGtgdy90Bh2YhjJum7wBzKgS6//z6Jo6/Je9nRyPOmFrERsyWA\n65r4/WGTeHtd+7UwTLkEh7PzrPtCV6cR1Yn8TPKcqlnXT+503k1SzTStyyYF\nGHMF2Wr0+uMqLa0PEtVAWLifgRDMy2S9EbJMyGWTbMRZaIGvTx+g+0sTSf7v\nerq5VuvlgSNi9QL5XUadADZwWSCaWgA/QVG1kifWXYNI5aMTW/M8D6P1pAui\nvaqzVInVK99iQ3z/PI3OtvDsAoPj+O6xoQNc6tP7drMg8Ay+CW6ZqDNfmeZX\nIAaQpUacJUrY9ClgiI0P7hst33ZIdLtBssIbe4Bmsdnwuc36Q1VOqOQkmEDu\nka8GLFJZsZ22s4IN68fOosUwlsrsfD86fa98qnHF5y8KW4ht7+rwXwWI/yze\ntOCGXV9cznbLeLIh6isrk5uocwCCph4jBnk6oGxDk5kTFITndTU/r6VHNd00\nYeb2QcPFcDb3qJfbr8FIY95+JAHf/OIrp0oKjc05gR2xmwQ4AydVoN7eQwcA\nfqPw\r\n=UUK0\r\n-----END PGP SIGNATURE-----\r\n' },
48 silly install resolved     maintainers:
48 silly install resolved      [ [Object],
48 silly install resolved        [Object],
48 silly install resolved        [Object],
48 silly install resolved        [Object],
48 silly install resolved        [Object],
48 silly install resolved        [Object],
48 silly install resolved        [Object] ],
48 silly install resolved     _npmUser: { name: 'shadowspawn', email: 'npm_j@ruru.gen.nz' },
48 silly install resolved     directories: {},
48 silly install resolved     _npmOperationalInternal:
48 silly install resolved      { host: 's3://npm-registry-packages',
48 silly install resolved        tmp: 'tmp/n_6.0.1_1566291131410_0.5334618481667728' },
48 silly install resolved     _hasShrinkwrap: false,
48 silly install resolved     _shasum: 'c6bf458061c09f4acef2e86221245b5c6d887d91',
48 silly install resolved     _resolved: 'https://registry.npmjs.org/n/-/n-6.0.1.tgz',
48 silly install resolved     _from: 'n@*' } ]
49 info install n@6.0.1 into C:\Users\27422\AppData\Roaming\npm
50 info installOne n@6.0.1
51 verbose installOne of n to C:\Users\27422\AppData\Roaming\npm not in flight; installing
52 verbose lock using C:\Users\27422\AppData\Roaming\npm-cache\_locks\n-bb052a84ff74b594.lock for C:\Users\27422\AppData\Roaming\npm\node_modules\n
53 verbose unlock done using C:\Users\27422\AppData\Roaming\npm-cache\_locks\n-bb052a84ff74b594.lock for C:\Users\27422\AppData\Roaming\npm\node_modules\n
54 verbose stack Error: Unsupported
54 verbose stack     at checkPlatform (c:\Program Files (x86)\nodejs\node_modules\npm\node_modules\npm-install-checks\index.js:47:14)
54 verbose stack     at Array.<anonymous> (c:\Program Files (x86)\nodejs\node_modules\npm\node_modules\slide\lib\bind-actor.js:15:8)
54 verbose stack     at LOOP (c:\Program Files (x86)\nodejs\node_modules\npm\node_modules\slide\lib\chain.js:15:14)
54 verbose stack     at c:\Program Files (x86)\nodejs\node_modules\npm\node_modules\slide\lib\chain.js:18:7
54 verbose stack     at checkEngine (c:\Program Files (x86)\nodejs\node_modules\npm\node_modules\npm-install-checks\index.js:26:10)
54 verbose stack     at Array.<anonymous> (c:\Program Files (x86)\nodejs\node_modules\npm\node_modules\slide\lib\bind-actor.js:15:8)
54 verbose stack     at LOOP (c:\Program Files (x86)\nodejs\node_modules\npm\node_modules\slide\lib\chain.js:15:14)
54 verbose stack     at chain (c:\Program Files (x86)\nodejs\node_modules\npm\node_modules\slide\lib\chain.js:20:5)
54 verbose stack     at c:\Program Files (x86)\nodejs\node_modules\npm\lib\install.js:1024:5
54 verbose stack     at c:\Program Files (x86)\nodejs\node_modules\npm\lib\utils\locker.js:40:9
55 verbose pkgid n@6.0.1
56 verbose cwd D:\PycharmProjects\Chatbot_Rasa\rasa\data
57 error Windows_NT 6.3.9600
58 error argv "c:\\Program Files (x86)\\nodejs\\\\node.exe" "c:\\Program Files (x86)\\nodejs\\node_modules\\npm\\bin\\npm-cli.js" "install" "-g" "n"
59 error node v0.12.2
60 error npm  v2.7.4
61 error code EBADPLATFORM
62 error notsup Unsupported
62 error notsup Not compatible with your operating system or architecture: n@6.0.1
62 error notsup Valid OS:    !win32
62 error notsup Valid Arch:  any
62 error notsup Actual OS:   win32
62 error notsup Actual Arch: ia32
63 verbose exit [ 1, true ]
